Mock Version: 1.4.20
ENTER ['do_with_status'](['bash', '--login', '-c', '/usr/bin/rpmbuild -bs --target x86_64 --nodeps /builddir/build/SPECS/nethserver-eroidigitali.spec'], chrootPath='/var/lib/mock/nethserver-7-x86_64/root'env={'TERM': 'vt100', 'SHELL': '/bin/bash', 'HOME': '/builddir', 'HOSTNAME': 'mock', 'PATH': '/usr/bin:/bin:/usr/sbin:/sbin', 'PROMPT_COMMAND': 'printf "\\033]0;<mock-chroot>\\007"', 'PS1': '<mock-chroot> \\s-\\v\\$ ', 'LANG': 'C'}shell=Falselogger=<mockbuild.trace_decorator.getLog object at 0x7fa12bf23208>timeout=0uid=641401106gid=135user='mockbuild'nspawn_args=['--capability=cap_ipc_lock', '--bind=/tmp/mock-resolv.kmntvo45:/etc/resolv.conf']unshare_net=TrueprintOutput=True)
Using nspawn with args ['--capability=cap_ipc_lock', '--bind=/tmp/mock-resolv.kmntvo45:/etc/resolv.conf']
Executing command: ['/usr/bin/systemd-nspawn', '-q', '-M', '23e8410723504b7abfc9b892f03fe152', '-D', '/var/lib/mock/nethserver-7-x86_64/root', '-a', '--capability=cap_ipc_lock', '--bind=/tmp/mock-resolv.kmntvo45:/etc/resolv.conf', '--setenv=TERM=vt100', '--setenv=SHELL=/bin/bash', '--setenv=HOME=/builddir', '--setenv=HOSTNAME=mock', '--setenv=PATH=/usr/bin:/bin:/usr/sbin:/sbin', '--setenv=PROMPT_COMMAND=printf "\\033]0;<mock-chroot>\\007"', '--setenv=PS1=<mock-chroot> \\s-\\v\\$ ', '--setenv=LANG=C', '-u', 'mockbuild', 'bash', '--login', '-c', '/usr/bin/rpmbuild -bs --target x86_64 --nodeps /builddir/build/SPECS/nethserver-eroidigitali.spec'] with env {'TERM': 'vt100', 'SHELL': '/bin/bash', 'HOME': '/builddir', 'HOSTNAME': 'mock', 'PATH': '/usr/bin:/bin:/usr/sbin:/sbin', 'PROMPT_COMMAND': 'printf "\\033]0;<mock-chroot>\\007"', 'PS1': '<mock-chroot> \\s-\\v\\$ ', 'LANG': 'C'} and shell False
Failed to create directory /var/lib/mock/nethserver-7-x86_64/root//sys/fs/selinux: Read-only file system
Failed to create directory /var/lib/mock/nethserver-7-x86_64/root//sys/fs/selinux: Read-only file system
Building target platforms: x86_64
Building for target x86_64
Wrote: /builddir/build/SRPMS/nethserver-eroidigitali-0.0.0-1.ns7.src.rpm
Child return code was: 0
Mock Version: 1.4.20
ENTER ['do_with_status'](['bash', '--login', '-c', '/usr/bin/rpmbuild -bs --target x86_64 --nodeps /builddir/build/SPECS/nethserver-eroidigitali.spec'], chrootPath='/var/lib/mock/nethserver-7-x86_64/root'env={'TERM': 'vt100', 'SHELL': '/bin/bash', 'HOME': '/builddir', 'HOSTNAME': 'mock', 'PATH': '/usr/bin:/bin:/usr/sbin:/sbin', 'PROMPT_COMMAND': 'printf "\\033]0;<mock-chroot>\\007"', 'PS1': '<mock-chroot> \\s-\\v\\$ ', 'LANG': 'C'}shell=Falselogger=<mockbuild.trace_decorator.getLog object at 0x7fd8f10dbf28>timeout=0uid=641401106gid=135user='mockbuild'nspawn_args=['--capability=cap_ipc_lock', '--bind=/tmp/mock-resolv.vro45p_y:/etc/resolv.conf']unshare_net=TrueprintOutput=True)
Using nspawn with args ['--capability=cap_ipc_lock', '--bind=/tmp/mock-resolv.vro45p_y:/etc/resolv.conf']
Executing command: ['/usr/bin/systemd-nspawn', '-q', '-M', '73e873c119c34fb2b1122d5a98ca86b4', '-D', '/var/lib/mock/nethserver-7-x86_64/root', '-a', '--capability=cap_ipc_lock', '--bind=/tmp/mock-resolv.vro45p_y:/etc/resolv.conf', '--setenv=TERM=vt100', '--setenv=SHELL=/bin/bash', '--setenv=HOME=/builddir', '--setenv=HOSTNAME=mock', '--setenv=PATH=/usr/bin:/bin:/usr/sbin:/sbin', '--setenv=PROMPT_COMMAND=printf "\\033]0;<mock-chroot>\\007"', '--setenv=PS1=<mock-chroot> \\s-\\v\\$ ', '--setenv=LANG=C', '-u', 'mockbuild', 'bash', '--login', '-c', '/usr/bin/rpmbuild -bs --target x86_64 --nodeps /builddir/build/SPECS/nethserver-eroidigitali.spec'] with env {'TERM': 'vt100', 'SHELL': '/bin/bash', 'HOME': '/builddir', 'HOSTNAME': 'mock', 'PATH': '/usr/bin:/bin:/usr/sbin:/sbin', 'PROMPT_COMMAND': 'printf "\\033]0;<mock-chroot>\\007"', 'PS1': '<mock-chroot> \\s-\\v\\$ ', 'LANG': 'C'} and shell False
Failed to create directory /var/lib/mock/nethserver-7-x86_64/root//sys/fs/selinux: Read-only file system
Failed to create directory /var/lib/mock/nethserver-7-x86_64/root//sys/fs/selinux: Read-only file system
Building target platforms: x86_64
Building for target x86_64
Wrote: /builddir/build/SRPMS/nethserver-eroidigitali-0.0.0-1.ns7.src.rpm
Child return code was: 0
ENTER ['do_with_status'](['bash', '--login', '-c', '/usr/bin/rpmbuild -bb --target x86_64 --nodeps /builddir/build/SPECS/nethserver-eroidigitali.spec'], chrootPath='/var/lib/mock/nethserver-7-x86_64/root'env={'TERM': 'vt100', 'SHELL': '/bin/bash', 'HOME': '/builddir', 'HOSTNAME': 'mock', 'PATH': '/usr/bin:/bin:/usr/sbin:/sbin', 'PROMPT_COMMAND': 'printf "\\033]0;<mock-chroot>\\007"', 'PS1': '<mock-chroot> \\s-\\v\\$ ', 'LANG': 'C'}shell=Falselogger=<mockbuild.trace_decorator.getLog object at 0x7fd8f10dbf28>timeout=0uid=641401106gid=135user='mockbuild'nspawn_args=['--capability=cap_ipc_lock', '--bind=/tmp/mock-resolv.vro45p_y:/etc/resolv.conf']unshare_net=TrueprintOutput=True)
Using nspawn with args ['--capability=cap_ipc_lock', '--bind=/tmp/mock-resolv.vro45p_y:/etc/resolv.conf']
Executing command: ['/usr/bin/systemd-nspawn', '-q', '-M', 'eb8dc7dccdff4e1f9f6f842ab66ca9d2', '-D', '/var/lib/mock/nethserver-7-x86_64/root', '-a', '--capability=cap_ipc_lock', '--bind=/tmp/mock-resolv.vro45p_y:/etc/resolv.conf', '--setenv=TERM=vt100', '--setenv=SHELL=/bin/bash', '--setenv=HOME=/builddir', '--setenv=HOSTNAME=mock', '--setenv=PATH=/usr/bin:/bin:/usr/sbin:/sbin', '--setenv=PROMPT_COMMAND=printf "\\033]0;<mock-chroot>\\007"', '--setenv=PS1=<mock-chroot> \\s-\\v\\$ ', '--setenv=LANG=C', '-u', 'mockbuild', 'bash', '--login', '-c', '/usr/bin/rpmbuild -bb --target x86_64 --nodeps /builddir/build/SPECS/nethserver-eroidigitali.spec'] with env {'TERM': 'vt100', 'SHELL': '/bin/bash', 'HOME': '/builddir', 'HOSTNAME': 'mock', 'PATH': '/usr/bin:/bin:/usr/sbin:/sbin', 'PROMPT_COMMAND': 'printf "\\033]0;<mock-chroot>\\007"', 'PS1': '<mock-chroot> \\s-\\v\\$ ', 'LANG': 'C'} and shell False
Failed to create directory /var/lib/mock/nethserver-7-x86_64/root//sys/fs/selinux: Read-only file system
Failed to create directory /var/lib/mock/nethserver-7-x86_64/root//sys/fs/selinux: Read-only file system
Building target platforms: x86_64
Building for target x86_64
Executing(%prep): /bin/sh -e /var/tmp/rpm-tmp.EQpwTh
+ umask 022
+ cd /builddir/build/BUILD
+ cd /builddir/build/BUILD
+ rm -rf nethserver-eroidigitali-0.0.0
+ /usr/bin/gzip -dc /builddir/build/SOURCES/nethserver-eroidigitali-0.0.0.tar.gz
+ /usr/bin/tar -xvvf -
drwxr-xr-x davide@ethicalhacker.ovh/domain users@ethicalhacker.ovh 0 2019-10-31 12:31 nethserver-eroidigitali-0.0.0/
-rw-r--r-- davide@ethicalhacker.ovh/domain users@ethicalhacker.ovh 900 2019-10-31 12:31 nethserver-eroidigitali-0.0.0/.travis.yml
-rw-r--r-- davide@ethicalhacker.ovh/domain users@ethicalhacker.ovh 18046 2019-10-31 12:31 nethserver-eroidigitali-0.0.0/COPYING
-rw-r--r-- davide@ethicalhacker.ovh/domain users@ethicalhacker.ovh   116 2019-10-31 12:31 nethserver-eroidigitali-0.0.0/README.md
drwxr-xr-x davide@ethicalhacker.ovh/domain users@ethicalhacker.ovh     0 2019-10-31 12:31 nethserver-eroidigitali-0.0.0/api/
-rw-r--r-- davide@ethicalhacker.ovh/domain users@ethicalhacker.ovh     0 2019-10-31 12:31 nethserver-eroidigitali-0.0.0/api/read
-rw-r--r-- davide@ethicalhacker.ovh/domain users@ethicalhacker.ovh     0 2019-10-31 12:31 nethserver-eroidigitali-0.0.0/api/update
-rw-r--r-- davide@ethicalhacker.ovh/domain users@ethicalhacker.ovh     0 2019-10-31 12:31 nethserver-eroidigitali-0.0.0/api/validate
-rw-r--r-- davide@ethicalhacker.ovh/domain users@ethicalhacker.ovh  1199 2019-10-31 12:31 nethserver-eroidigitali-0.0.0/createlinks
-rw-r--r-- davide@ethicalhacker.ovh/domain users@ethicalhacker.ovh   821 2019-10-31 12:31 nethserver-eroidigitali-0.0.0/nethserver-eroidigitali.json
-rw-r--r-- davide@ethicalhacker.ovh/domain users@ethicalhacker.ovh  1030 2019-10-31 12:31 nethserver-eroidigitali-0.0.0/nethserver-eroidigitali.spec
-rwxr-xr-x davide@ethicalhacker.ovh/domain users@ethicalhacker.ovh   146 2019-10-31 12:31 nethserver-eroidigitali-0.0.0/prep-sources
drwxr-xr-x davide@ethicalhacker.ovh/domain users@ethicalhacker.ovh     0 2019-10-31 12:31 nethserver-eroidigitali-0.0.0/ui/
drwxr-xr-x davide@ethicalhacker.ovh/domain users@ethicalhacker.ovh     0 2019-10-31 12:31 nethserver-eroidigitali-0.0.0/ui/css/
-rw-r--r-- davide@ethicalhacker.ovh/domain users@ethicalhacker.ovh     0 2019-10-31 12:31 nethserver-eroidigitali-0.0.0/ui/css/style.css
drwxr-xr-x davide@ethicalhacker.ovh/domain users@ethicalhacker.ovh     0 2019-10-31 12:31 nethserver-eroidigitali-0.0.0/ui/i18n/
-rw-r--r-- davide@ethicalhacker.ovh/domain users@ethicalhacker.ovh    98 2019-10-31 12:31 nethserver-eroidigitali-0.0.0/ui/i18n/language.json
-rw-r--r-- davide@ethicalhacker.ovh/domain users@ethicalhacker.ovh  2550 2019-10-31 12:31 nethserver-eroidigitali-0.0.0/ui/index.html
drwxr-xr-x davide@ethicalhacker.ovh/domain users@ethicalhacker.ovh     0 2019-10-31 12:31 nethserver-eroidigitali-0.0.0/ui/js/
-rw-r--r-- davide@ethicalhacker.ovh/domain users@ethicalhacker.ovh  6250 2019-10-31 12:31 nethserver-eroidigitali-0.0.0/ui/js/app.js
drwxr-xr-x davide@ethicalhacker.ovh/domain users@ethicalhacker.ovh     0 2019-10-31 12:31 nethserver-eroidigitali-0.0.0/ui/js/lib/
-rw-r--r-- davide@ethicalhacker.ovh/domain users@ethicalhacker.ovh 27206 2019-10-31 12:31 nethserver-eroidigitali-0.0.0/ui/js/lib/sammy.js
-rw-r--r-- davide@ethicalhacker.ovh/domain users@ethicalhacker.ovh  6134 2019-10-31 12:31 nethserver-eroidigitali-0.0.0/ui/js/lib/sammy.template.js
-rw-r--r-- davide@ethicalhacker.ovh/domain users@ethicalhacker.ovh  8626 2019-10-31 12:31 nethserver-eroidigitali-0.0.0/ui/logo.png
-rw-r--r-- davide@ethicalhacker.ovh/domain users@ethicalhacker.ovh    20 2019-10-31 12:31 nethserver-eroidigitali-0.0.0/ui/manifest.json
-rw-r--r-- davide@ethicalhacker.ovh/domain users@ethicalhacker.ovh    45 2019-10-31 12:31 nethserver-eroidigitali-0.0.0/ui/override.json
drwxr-xr-x davide@ethicalhacker.ovh/domain users@ethicalhacker.ovh     0 2019-10-31 12:31 nethserver-eroidigitali-0.0.0/ui/views/
-rw-r--r-- davide@ethicalhacker.ovh/domain users@ethicalhacker.ovh    23 2019-10-31 12:31 nethserver-eroidigitali-0.0.0/ui/views/about.html
-rw-r--r-- davide@ethicalhacker.ovh/domain users@ethicalhacker.ovh    28 2019-10-31 12:31 nethserver-eroidigitali-0.0.0/ui/views/dashboard.html
-rw-r--r-- davide@ethicalhacker.ovh/domain users@ethicalhacker.ovh    24 2019-10-31 12:31 nethserver-eroidigitali-0.0.0/ui/views/item1.html
-rw-r--r-- davide@ethicalhacker.ovh/domain users@ethicalhacker.ovh    22 2019-10-31 12:31 nethserver-eroidigitali-0.0.0/ui/views/logs.html
+ STATUS=0
+ '[' 0 -ne 0 ']'
+ cd nethserver-eroidigitali-0.0.0
+ /usr/bin/chmod -Rf a+rX,u+w,g-w,o-w .
+ exit 0
Executing(%build): /bin/sh -e /var/tmp/rpm-tmp.4GtWtQ
+ umask 022
+ cd /builddir/build/BUILD
+ cd nethserver-eroidigitali-0.0.0
+ /usr/bin/make -f /usr/share/nethserver-devtools/docs.mk
make: Nothing to be done for `all'.
+ perl createlinks
+ exit 0
Executing(%install): /bin/sh -e /var/tmp/rpm-tmp.jbNZap
+ umask 022
+ cd /builddir/build/BUILD
+ '[' /builddir/build/BUILDROOT/nethserver-eroidigitali-0.0.0-1.ns7.x86_64 '!=' / ']'
+ rm -rf /builddir/build/BUILDROOT/nethserver-eroidigitali-0.0.0-1.ns7.x86_64
++ dirname /builddir/build/BUILDROOT/nethserver-eroidigitali-0.0.0-1.ns7.x86_64
+ mkdir -p /builddir/build/BUILDROOT
+ mkdir /builddir/build/BUILDROOT/nethserver-eroidigitali-0.0.0-1.ns7.x86_64
+ cd nethserver-eroidigitali-0.0.0
+ mkdir -p /builddir/build/BUILDROOT/nethserver-eroidigitali-0.0.0-1.ns7.x86_64/usr/share/cockpit/nethserver-eroidigitali/
+ mkdir -p /builddir/build/BUILDROOT/nethserver-eroidigitali-0.0.0-1.ns7.x86_64/usr/share/cockpit/nethserver/applications/
+ mkdir -p /builddir/build/BUILDROOT/nethserver-eroidigitali-0.0.0-1.ns7.x86_64/usr/libexec/nethserver/api/nethserver-eroidigitali/
+ tar xvf /builddir/build/SOURCES/nethserver-eroidigitali.tar.gz -C /builddir/build/BUILDROOT/nethserver-eroidigitali-0.0.0-1.ns7.x86_64/usr/share/cockpit/nethserver-eroidigitali/
css/
css/style.css
i18n/
i18n/language.json
index.html
js/
js/app.js
js/lib/
js/lib/sammy.js
js/lib/sammy.template.js
logo.png
manifest.json
override.json
views/
views/about.html
views/dashboard.html
views/item1.html
views/logs.html
+ cp -a nethserver-eroidigitali.json /builddir/build/BUILDROOT/nethserver-eroidigitali-0.0.0-1.ns7.x86_64/usr/share/cockpit/nethserver/applications/
+ cp -a api/read api/update api/validate /builddir/build/BUILDROOT/nethserver-eroidigitali-0.0.0-1.ns7.x86_64/usr/libexec/nethserver/api/nethserver-eroidigitali/
+ chmod +x /builddir/build/BUILDROOT/nethserver-eroidigitali-0.0.0-1.ns7.x86_64/usr/libexec/nethserver/api/nethserver-eroidigitali/read /builddir/build/BUILDROOT/nethserver-eroidigitali-0.0.0-1.ns7.x86_64/usr/libexec/nethserver/api/nethserver-eroidigitali/update /builddir/build/BUILDROOT/nethserver-eroidigitali-0.0.0-1.ns7.x86_64/usr/libexec/nethserver/api/nethserver-eroidigitali/validate
+ /usr/bin/genfilelist /builddir/build/BUILDROOT/nethserver-eroidigitali-0.0.0-1.ns7.x86_64
+ /usr/lib/rpm/find-debuginfo.sh --strict-build-id -m --run-dwz --dwz-low-mem-die-limit 10000000 --dwz-max-die-limit 110000000 /builddir/build/BUILD/nethserver-eroidigitali-0.0.0
/usr/lib/rpm/sepdebugcrcfix: Updated 0 CRC32s, 0 CRC32s did match.
+ /usr/lib/rpm/check-buildroot
+ /usr/lib/rpm/redhat/brp-compress
+ /usr/lib/rpm/redhat/brp-strip-static-archive /usr/bin/strip
+ /usr/lib/rpm/brp-python-bytecompile /usr/bin/python 1
+ /usr/lib/rpm/redhat/brp-python-hardlink
+ /usr/lib/rpm/redhat/brp-java-repack-jars
Processing files: nethserver-eroidigitali-0.0.0-1.ns7.noarch
Provides: nethserver-eroidigitali = 0.0.0-1.ns7
Requires(rpmlib): rpmlib(CompressedFileNames) <= 3.0.4-1 rpmlib(FileDigests) <= 4.6.0-1 rpmlib(PayloadFilesHavePrefix) <= 4.0-1
Checking for unpackaged file(s): /usr/lib/rpm/check-files /builddir/build/BUILDROOT/nethserver-eroidigitali-0.0.0-1.ns7.x86_64
Wrote: /builddir/build/RPMS/nethserver-eroidigitali-0.0.0-1.ns7.noarch.rpm
Executing(%clean): /bin/sh -e /var/tmp/rpm-tmp.Zv8W1x
+ umask 022
+ cd /builddir/build/BUILD
+ cd nethserver-eroidigitali-0.0.0
+ /usr/bin/rm -rf /builddir/build/BUILDROOT/nethserver-eroidigitali-0.0.0-1.ns7.x86_64
+ exit 0
Child return code was: 0
