CPU info:
Architecture:          x86_64
CPU op-mode(s):        32-bit, 64-bit
Byte Order:            Little Endian
CPU(s):                2
On-line CPU(s) list:   0,1
Thread(s) per core:    1
Core(s) per socket:    2
Socket(s):             1
NUMA node(s):          1
Vendor ID:             GenuineIntel
CPU family:            6
Model:                 42
Model name:            Intel(R) Core(TM) i5-2410M CPU @ 2.30GHz
Stepping:              7
CPU MHz:               2294.786
BogoMIPS:              4589.57
Hypervisor vendor:     VMware
Virtualization type:   full
L1d cache:             32K
L1i cache:             32K
L2 cache:              256K
L3 cache:              3072K
NUMA node0 CPU(s):     0,1
Flags:                 fpu vme de pse tsc msr pae mce cx8 apic sep mtrr pge mca cmov pat pse36 clflush mmx fxsr sse sse2 ss ht syscall nx rdtscp lm constant_tsc arch_perfmon nopl xtopology tsc_reliable nonstop_tsc eagerfpu pni pclmulqdq ssse3 cx16 pcid sse4_1 sse4_2 x2apic popcnt tsc_deadline_timer aes xsave avx hypervisor lahf_lm ssbd ibrs ibpb stibp tsc_adjust arat spec_ctrl intel_stibp arch_capabilities


Memory:
              total        used        free      shared  buff/cache   available
Mem:        1863104      589816      102056       16120     1171232     1069688
Swap:       2097148         520     2096628


Storage:
Filesystem                    Size  Used Avail Use% Mounted on
/dev/mapper/VolGroup-lv_root   62G  5.1G   57G   9% /
